*RZWQM2 OUTPUTS Version 3.28 Intel Fortran               Jan 07, 2021; 17:27:50

N BALANCE=INIT_TN - FIN_TN + TOT_FERT - TOT_NUP - TOT_DEN- TOT_VOL - TOT_NL -TOT_NOFF - TOT_NO_NIT + TOT_NETMIN +TOT_NFIX-TOT_GHGADS-TOT_NH4ero-TOT_IONEX
WATER BALANCE=INIT_WATER - FIN_WATER + TOT_INFIL  - TOT_AE - TOT_AT - TOT_DEEP + TOT_WATADD

(Please see MASSBAL.OUT if the model run has reset soil status at  either planting or beginning of the year)

          NAME                    Days ini_day end_day PLANT   PHY_MAT    INIT_WATER     INIT_TN        INIT_PN        FIN_WATER      FIN_TN          FIN_PN        AVG_WS        AVG_TURF       AVG_NS        TOT_RAIN        TOT_IRR        TOT_FERT        TOT_AE        TOT_AT         TOT_PE         TOT_PT         TOT_INFIL      TOT_DEEP        TOT_ROFF       TOT_NUP        TOT_DEN        TOT_VOL        TOT_NL        TOT_NOFF        BIOMASS        ROOT          YIELD          ALAI           HEIGHT          RDEPTH        TOT_RET       TOT_NetMin      TOT_Nfix       TOT_NO_Nit     TOT_N2O        TOT_NxO        TOT_CH4       TOT_GHGADS     TOT_NH4ero      TOT_WATADD      AVG_TP        TOT_SEEP        TOT_TILE        TOT_LF        TOT_NSEP       TOT_NTILE      TOT_NLF       TOT_IONEX     Water_Bal       N_Bal
======================================================================
INI_DAY: FIRST DAY OF MASS BALANCE
END_DAY: LAST DAY OF MASS BALANCE
PLANT: PLANTING DAY
PHY-MA: PHYSICAL MATURITY DAY
INIT_TN: INITIAL SOIL N IN THE PROFILE (PREVIOUS END OF DAY)
FIN_TN: FINAL SOIL N IN THE SOIL PROFILE
TOT_FERT: INORGANIC FERTILIZER APPLIED
TOT_NUP: TOTAL PLANT N UPTAKE
TOT_IONEX: TOTAL INORGANIC N ON ION EXCHANGE SITES
TOT_DEN: TOTAL DENITRIFICATION
TOT_VOL: TOTAL VOLATILIZATION OF NH3
TOT_NL: TOTAL N LOSS TO DRAIANGE,TILE FLOW, AND LATERAL FLOW
TOT_NSEP: TOTAL N IN SEEPAGE FROM BOTTOM OF THE SOIL PROFILE
TOT_NTILE: TOTAL N IN TILE FLOW
TOT_NLF: TOTAL N IN LATERAL FLOW
TOT_NOFF: TOTAL N LOSSES TO RUNOFF
TOT_NO_NIT: TOTAL GHG EMISSION FROM NITRIFICATIOIN
TOT_NETMIN: TOTAL NET MINERALIZATION
TOT_NFIX: TOTAL N FIXATION
TOT_GHGADS: TOTAL GHG ADSORBED DURING DIFFUSION
TOT_NH4ero: NH4 EROSION WITH SOIL

INIT_WATER: INITIAL SOIL WATER IN THE PROFILE (PREVIOUS DAY)
FIN_WATER: FINAL SOIL WATER IN THE PROFILE
TOT_RAIN: TOTAL RAIN AMOUNT
TOT_WATADD: TOTAL WATER ADDED DUE TO RESETTING
TOT_INIFL: TOTAL INFILTRATION OF RAIN, SNOW, IRRIGATION WATER
TOT_IRR: TOTAL IRRIGAITON WATER
TOT_AE: TOTAL EVAPORATION
TOT_AT: TOTAL TRANSPIRATION
TOT_ROFF: TOTAL RUNOFF WATER
TOT_DEEP: TOTAL DRAINAGE (DRIANAGE, TILE FLOW, LATERAL FLOW)

TOT_SEEP: TOTAL SEEPAGE FROM BOTTOM OF THE SOIL PROFILE
TOT_TILE: TOTAL TILE FLOW
TOT_LF: TOTAL LATERAL FLOW
INIT_PN: INIITAL SOIL N IN THE ROOT ZONE
FIN_PN: FINAL SOIL N IN THE ROOT ZONE
AVG_WS: AVERAGE WATER STRESS FOR PHOTOSYNTHESIS
AVG_TURF: AVERAGE WATER STRESS FOR LEAF EXPANSION
AVG_NS: AVERAGE N STRESS
BIOMASS: TOTAL ABOVE GROUND BIOMASS
ROOT: TOTAL ROOT BIOMASS
YIELD: GRAIN YIELD
HEIGHT: PLANT HEIGHT
ALAI: LEAF AREA INDEX
RDEPTH: ROOTING DEPTH
AVG_TP: AVERAGE AIR TEMPERATURE
TOT_RET: TOTAL REFERENCE ET


